<?xml version="1.0" encoding="UTF-8"?>
<testsuite xmlns:xsi="http://www.w3.org/2001/XMLSchema-instance" xsi:noNamespaceSchemaLocation="https://maven.apache.org/surefire/maven-surefire-plugin/xsd/surefire-test-report.xsd" name="TestSuite" time="64.446" tests="3" errors="0" skipped="0" failures="0">
  <properties>
[...]
</properties>
  <testcase name="amazonTest" classname="com.test1.Flipkart" time="25.049"/>
  <testcase name="amazonTest" classname="com.test.AmazonTest" time="26.873"/>
  <testcase name="googleTest" classname="com.test.GoogleTest" time="11.17"/>
</testsuite>