<?xml version="1.0" encoding="UTF-8"?>
<testng-results skipped="0" failed="0" total="3" passed="3">
  <reporter-output>
  </reporter-output>
  <suite name="suite of suites" duration-ms="0" started-at="2018-05-19T11:34:57Z" finished-at="2018-05-19T11:34:57Z">
    <groups>
    </groups>
  </suite> <!-- suite of suites -->
  <suite name="Suite1" duration-ms="25070" started-at="2018-05-19T11:33:54Z" finished-at="2018-05-19T11:34:19Z">
    <groups>
    </groups>
    <test name="Test1" duration-ms="25070" started-at="2018-05-19T11:33:54Z" finished-at="2018-05-19T11:34:19Z">
      <class name="com.test1.Flipkart">
        <test-method status="PASS" signature="amazonTest()[pri:0, instance:com.test1.Flipkart@13969fbe]" name="amazonTest" duration-ms="25049" started-at="2018-05-19T17:03:54Z" finished-at="2018-05-19T17:04:19Z">
          <reporter-output>
          </reporter-output>
        </test-method> <!-- amazonTest -->
      </class> <!-- com.test1.Flipkart -->
    </test> <!-- Test1 -->
  </suite> <!-- Suite1 -->
  <suite name="Suite2" duration-ms="38043" started-at="2018-05-19T11:34:19Z" finished-at="2018-05-19T11:34:57Z">
    <groups>
    </groups>
    <test name="Test2" duration-ms="38043" started-at="2018-05-19T11:34:19Z" finished-at="2018-05-19T11:34:57Z">
      <class name="com.test.AmazonTest">
        <test-method status="PASS" signature="amazonTest()[pri:0, instance:com.test.AmazonTest@90f6bfd]" name="amazonTest" duration-ms="26873" started-at="2018-05-19T17:04:19Z" finished-at="2018-05-19T17:04:46Z">
          <reporter-output>
          </reporter-output>
        </test-method> <!-- amazonTest -->
      </class> <!-- com.test.AmazonTest -->
      <class name="com.test.GoogleTest">
        <test-method status="PASS" signature="googleTest()[pri:0, instance:com.test.GoogleTest@4157f54e]" name="googleTest" duration-ms="11169" started-at="2018-05-19T17:04:46Z" finished-at="2018-05-19T17:04:57Z">
          <reporter-output>
          </reporter-output>
        </test-method> <!-- googleTest -->
      </class> <!-- com.test.GoogleTest -->
    </test> <!-- Test2 -->
  </suite> <!-- Suite2 -->
</testng-results>
