<?xml version="1.0" encoding="UTF-8"?>
<testng-results skipped="0" failed="0" total="1" passed="1">
  <reporter-output>
  </reporter-output>
  <suite name="Default suite" duration-ms="31588" started-at="2018-05-17T22:46:22Z" finished-at="2018-05-17T22:46:54Z">
    <groups>
    </groups>
    <test name="Default test" duration-ms="31588" started-at="2018-05-17T22:46:22Z" finished-at="2018-05-17T22:46:54Z">
      <class name="com.test.AmazonTest">
        <test-method status="PASS" signature="amazonTest()[pri:0, instance:com.test.AmazonTest@4cc0edeb]" name="amazonTest" duration-ms="31555" started-at="2018-05-18T04:16:22Z" finished-at="2018-05-18T04:16:54Z">
          <reporter-output>
          </reporter-output>
        </test-method> <!-- amazonTest -->
      </class> <!-- com.test.AmazonTest -->
    </test> <!-- Default test -->
  </suite> <!-- Default suite -->
</testng-results>
